make all --print-data-base --no-builtin-variables --no-builtin-rules --question
# GNU Make 3.81
# Copyright (C) 2006  Free Software Foundation, Inc.
# This is free software; see the source for copying conditions.
# There is NO warranty; not even for MERCHANTABILITY or FITNESS FOR A
# PARTICULAR PURPOSE.

# This program built for i386-apple-darwin11.3.0
 
make: *** No rule to make target `all'.  Stop.


# Make data base, printed on Mon Jul 25 16:11:35 2022

# Variables

# automatic
<D = $(patsubst %/,%,$(dir $<))
# automatic
?F = $(notdir $?)
# environment
OPAM_SWITCH_PREFIX = /Users/chenyuwang/.opam/default
# environment
ELECTRON_NO_ATTACH_CONSOLE = 1
# environment
OCAML_TOPLEVEL_PATH = /Users/chenyuwang/.opam/default/lib/toplevel
# environment
NVM_INC = /Users/chenyuwang/.nvm/versions/node/v16.12.0/include/node
# automatic
?D = $(patsubst %/,%,$(dir $?))
# environment
OCAML_LSP_SERVER_LOG = -
# automatic
@D = $(patsubst %/,%,$(dir $@))
# automatic
@F = $(notdir $@)
# makefile
CURDIR := /Users/chenyuwang/escheck
# makefile
SHELL = /bin/sh
# environment
VSCODE_NLS_CONFIG = {"locale":"en-gb","availableLanguages":{},"_languagePackSupport":true}
# environment
_ = /usr/bin/make
# environment
GOOGLE_APPLICATION_CREDENTIALS = /Users/chenyuwang/Downloads/splendid-light-220812-edbf951c9739.json
# makefile (from `Makefile', line 1)
MAKEFILE_LIST :=  Makefile
# environment
__CFBundleIdentifier = com.microsoft.VSCode
# environment
VSCODE_CWD = /Users/chenyuwang
# environment
PATH = /Users/chenyuwang/.opam/default/bin:/Users/chenyuwang/.bun/bin:/Users/chenyuwang/opt/anaconda3/bin:/Users/chenyuwang/opt/anaconda3/condabin:/Users/chenyuwang/.fly/bin:/Users/chenyuwang/flutter/bin:/Users/chenyuwang/.yarn/bin:/Users/chenyuwang/.config/yarn/global/node_modules/.bin:/Users/chenyuwang/.deno/bin:/Library/Java/JavaVirtualMachines/adoptopenjdk-8.jdk/Contents/Home/bin:/Users/chenyuwang/.nvm/versions/node/v16.12.0/bin:/Users/chenyuwang/.rbenv/shims:/Users/chenyuwang/Library/Android/sdk/platform-tools:/usr/local/opt/texinfo/bin:/usr/local/sbin:/Users/chenyuwang/go/bin:/Users/chenyuwang/bin:/usr/local/bin:/Library/Frameworks/Python.framework/Versions/3.9/bin:/Library/Frameworks/Python.framework/Versions/3.6/bin:/usr/local/bin:/usr/bin:/bin:/usr/sbin:/sbin:/Library/TeX/texbin:/usr/local/go/bin:/opt/X11/bin:/Library/Apple/usr/bin:/Applications/Postgres.app/Contents/Versions/latest/bin:/Users/chenyuwang/.cargo/bin:/Users/chenyuwang/Library/Android/sdk/emulator:/Users/chenyuwang/Library/Android/sdk/tools:/Users/chenyuwang/Library/Android/sdk/tools/bin:/Users/chenyuwang/Library/Android/sdk/platform-tools
# environment
LSCOLORS = Gxfxcxdxbxegedabagacad
# environment
FLYCTL_INSTALL = /Users/chenyuwang/.fly
# environment
NVM_BIN = /Users/chenyuwang/.nvm/versions/node/v16.12.0/bin
# environment
LaunchInstanceID = 3C24DAD4-44C1-431D-8F13-5DE3DA3B54E3
# environment
ELECTRON_RUN_AS_NODE = 1
# environment
ANDROID_HOME = /Users/chenyuwang/Library/Android/sdk
# default
.FEATURES := target-specific order-only second-expansion else-if archives jobserver check-symlink
# environment
SSH_AUTH_SOCK = /private/tmp/com.apple.launchd.WcmdjqgZh0/Listeners
# automatic
%F = $(notdir $%)
# environment
DISPLAY = /private/tmp/com.apple.launchd.enyFd50iKk/org.macosforge.xquartz:0
# environment
CONDA_EXE = /Users/chenyuwang/opt/anaconda3/bin/conda
# environment
PWD = /Users/chenyuwang/escheck
# environment
ORIGINAL_XDG_CURRENT_DESKTOP = undefined
# environment
VSCODE_AMD_ENTRYPOINT = vs/workbench/api/node/extensionHostProcess
# environment
HOME = /Users/chenyuwang
# default
MAKEFILEPATH := /Applications/Xcode.app/Contents/Developer/Makefiles
# environment
VSCODE_CLI = 1
# environment
VSCODE_CODE_CACHE_PATH = /Users/chenyuwang/Library/Application Support/Code/CachedData/92d25e35d9bf1a6b16f7d0758f25d48ace11e5b9
# environment
LOGNAME = chenyuwang
# environment
APPLICATION_INSIGHTS_NO_DIAGNOSTIC_CHANNEL = 1
# environment
CONDA_PROMPT_MODIFIER = (base) 
# environment
NVM_CD_FLAGS = -q
# environment
ZSH = /Users/chenyuwang/.oh-my-zsh
# environment
VSCODE_HANDLES_UNCAUGHT_ERRORS = true
# automatic
^D = $(patsubst %/,%,$(dir $^))
# environment
CONDA_DEFAULT_ENV = base
# environment
XPC_FLAGS = 0x0
# default
MAKE = $(MAKE_COMMAND)
# default
MAKECMDGOALS := all
# environment
SHLVL = 3
# environment
JAVA_HOME = /Library/Java/JavaVirtualMachines/adoptopenjdk-8.jdk/Contents/Home
# environment
HADOOP_CLASSPATH = /Library/Java/JavaVirtualMachines/adoptopenjdk-8.jdk/Contents/Home/lib/tools.jar
# default
MAKE_VERSION := 3.81
# environment
USER = chenyuwang
# environment
CAML_LD_LIBRARY_PATH = /Users/chenyuwang/.opam/default/lib/stublibs:/Users/chenyuwang/.opam/default/lib/ocaml/stublibs:/Users/chenyuwang/.opam/default/lib/ocaml
# makefile
.DEFAULT_GOAL := dev-deps
# environment
TERM_SESSION_ID = CEAF1BAA-46AF-46BC-ACFD-76DF123D5637
# environment
LESS = -R
# automatic
%D = $(patsubst %/,%,$(dir $%))
# environment
CONDA_SHLVL = 1
# default
MAKE_COMMAND := /Applications/Xcode.app/Contents/Developer/usr/bin/make
# environment
TERM_PROGRAM = Apple_Terminal
# default
.VARIABLES := 
# environment
TMPDIR = /var/folders/q2/mwnbkl7567d4yckmth3g3g440000gn/T/
# automatic
*F = $(notdir $*)
# environment
GIT_PERSONAL_ACCESS_TOKEN = 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
# environment
VSCODE_IPC_HOOK = /Users/chenyuwang/Library/Application Support/Code/1.69.0-main.sock
# environment
MallocNanoZone = 0
# environment
BUN_INSTALL = /Users/chenyuwang/.bun
# makefile
MAKEFLAGS = Rrqp
# environment
MFLAGS = -Rrqp
# automatic
*D = $(patsubst %/,%,$(dir $*))
# environment
TERM_PROGRAM_VERSION = 445
# environment
NVM_DIR = /Users/chenyuwang/.nvm
# environment
XPC_SERVICE_NAME = application.com.microsoft.VSCode.146599297.146599303.06DE9F19-AF1C-40DF-BC40-667B8DF17238
# automatic
+D = $(patsubst %/,%,$(dir $+))
# automatic
+F = $(notdir $+)
# environment
GIT_USER_NAME = hanayashiki
# environment
DENO_INSTALL = /Users/chenyuwang/.deno
# environment
__CF_USER_TEXT_ENCODING = 0x1F5:0x0:0x2
# environment
COMMAND_MODE = unix2003
# default
MAKEFILES := 
# environment
RBENV_SHELL = zsh
# automatic
<F = $(notdir $<)
# environment
GOPRIVATE = github.com/MonoidDev
# environment
PAGER = less
# environment
LC_ALL = C
# environment
 
CONDA_PYTHON_EXE = /Users/chenyuwang/opt/anaconda3/bin/python
# environment
SECURITYSESSIONID = 186a3
# automatic
^F = $(notdir $^)
# default
SUFFIXES := 
# environment
_CE_M = 
# default
.INCLUDE_DIRS = /usr/local/include
# environment
MAKELEVEL := 0
# environment
GPG_TTY = /dev/ttys015
# environment
CONDA_PREFIX = /Users/chenyuwang/opt/anaconda3
# environment
TERM = xterm-256color
# environment
VSCODE_PID = 1463
# environment
_CE_CONDA = 
# environment
LANG = C
# variable set hash-table stats:
# Load=99/1024=10%, Rehash=0, Collisions=4/123=3%

# Pattern-specific Variable Values

# No pattern-specific variable values.

# Directories

# . (device 16777225, inode 150175132): 13 files, no impossibilities.

# 13 files, no impossibilities in 1 directories.

# Implicit Rules

# No implicit rules.

# Files

# Not a target:
all:
#  Command-line target.
#  Implicit rule search has been done.
#  File does not exist.
#  File has not been updated.
# variable set hash-table stats:
# Load=0/32=0%, Rehash=0, Collisions=0/0=0%

.PHONY: dev-deps test-parser
#  Implicit rule search has not been done.
#  Modification time never checked.
#  File has not been updated.

# Not a target:
.SUFFIXES:
#  Implicit rule search has not been done.
#  Modification time never checked.
#  File has not been updated.

# Not a target:
Makefile:
#  Implicit rule search has been done.
#  Last modified 2022-07-25 12:16:39
#  File has been updated.
#  Successfully updated.
# variable set hash-table stats:
# Load=0/32=0%, Rehash=0, Collisions=0/0=0%

dev-deps:
#  Phony target (prerequisite of .PHONY).
#  Implicit rule search has not been done.
#  File does not exist.
#  File has not been updated.
#  commands to execute (from `Makefile', line 4):
	opam install . --deps-only --yes
	

# Not a target:
.DEFAULT:
#  Implicit rule search has not been done.
#  Modification time never checked.
#  File has not been updated.

test-parser:
#  Phony target (prerequisite of .PHONY).
#  Implicit rule search has not been done.
#  File does not exist.
#  File has not been updated.
#  commands to execute (from `Makefile', line 8):
	dune exec ./test/parser/es_parser_test.exe
	

# files hash-table stats:
# Load=7/1024=1%, Rehash=0, Collisions=0/22=0%
# VPATH Search Paths

# No `vpath' search paths.

# No general (`VPATH' variable) search path.

# # of strings in strcache: 1
# # of strcache buffers: 1
# strcache size: total = 4096 / max = 4096 / min = 4096 / avg = 4096
# strcache free: total = 4087 / max = 4087 / min = 4087 / avg = 4087

# Finished Make data base on Mon Jul 25 16:11:35 2022

 
